2022-02-09 01:15:50.158  INFO 21184 --- [restartedMain] com.cqupt.CquptApplication               : Starting CquptApplication using Java 1.8.0_111 on LAPTOP-Q220O7B3 with PID 21184 (D:\Study\研一项目开发技术栈总结\项目实战\CQUPT_springboot学术交流平台\springboot-Academic-exchange-platform\target\classes started by 86177 in D:\Study\研一项目开发技术栈总结\项目实战\CQUPT_springboot学术交流平台\springboot-Academic-exchange-platform)
2022-02-09 01:15:50.161  INFO 21184 --- [restartedMain] com.cqupt.CquptApplication               : No active profile set, falling back to default profiles: default
2022-02-09 01:15:50.206  INFO 21184 --- [restartedMain] .e.DevToolsPropertyDefaultsPostProcessor : Devtools property defaults active! Set 'spring.devtools.add-properties' to 'false' to disable
2022-02-09 01:15:50.242  INFO 21184 --- [restartedMain] .e.DevToolsPropertyDefaultsPostProcessor : For additional web related logging consider setting the 'logging.level.web' property to 'DEBUG'
2022-02-09 01:15:52.196  INFO 21184 --- [restartedMain] o.s.b.w.embedded.tomcat.TomcatWebServer  : Tomcat initialized with port(s): 8080 (http)
2022-02-09 01:15:52.205  INFO 21184 --- [restartedMain] o.apache.catalina.core.StandardService   : Starting service [Tomcat]
2022-02-09 01:15:52.205  INFO 21184 --- [restartedMain] org.apache.catalina.core.StandardEngine  : Starting Servlet engine: [Apache Tomcat/9.0.56]
2022-02-09 01:15:52.317  INFO 21184 --- [restartedMain] o.a.c.c.C.[Tomcat].[localhost].[/]       : Initializing Spring embedded WebApplicationContext
2022-02-09 01:15:52.318  INFO 21184 --- [restartedMain] w.s.c.ServletWebServerApplicationContext : Root WebApplicationContext: initialization completed in 2074 ms
2022-02-09 01:15:52.515  INFO 21184 --- [restartedMain] c.a.d.s.b.a.DruidDataSourceAutoConfigure : Init DruidDataSource
2022-02-09 01:15:52.823  INFO 21184 --- [restartedMain] com.alibaba.druid.pool.DruidDataSource   : {dataSource-1} inited
2022-02-09 01:15:53.808  INFO 21184 --- [restartedMain] o.s.b.a.w.s.WelcomePageHandlerMapping    : Adding welcome page template: index
2022-02-09 01:15:54.242  INFO 21184 --- [restartedMain] o.s.b.d.a.OptionalLiveReloadServer       : LiveReload server is running on port 35729
2022-02-09 01:15:54.276  INFO 21184 --- [restartedMain] o.s.b.w.embedded.tomcat.TomcatWebServer  : Tomcat started on port(s): 8080 (http) with context path ''
2022-02-09 01:15:54.286  INFO 21184 --- [restartedMain] com.cqupt.CquptApplication               : Started CquptApplication in 4.576 seconds (JVM running for 5.747)
2022-02-09 01:16:09.365  INFO 21184 --- [http-nio-8080-exec-2] o.a.c.c.C.[Tomcat].[localhost].[/]       : Initializing Spring DispatcherServlet 'dispatcherServlet'
2022-02-09 01:16:09.366  INFO 21184 --- [http-nio-8080-exec-2] o.s.web.servlet.DispatcherServlet        : Initializing Servlet 'dispatcherServlet'
2022-02-09 01:16:09.367  INFO 21184 --- [http-nio-8080-exec-2] o.s.web.servlet.DispatcherServlet        : Completed initialization in 1 ms
2022-02-09 01:16:09.409  INFO 21184 --- [http-nio-8080-exec-2] com.cqupt.aspect.LogAspect               : Request : {url='http://localhost:8080/cqupt/login', ip='127.0.0.1', classMethod='com.cqupt.controller.MyController.toLogin', args=[]}
2022-02-09 01:16:09.419  INFO 21184 --- [http-nio-8080-exec-2] com.cqupt.aspect.LogAspect               : Result : admin/login
2022-02-09 01:16:14.536  INFO 21184 --- [http-nio-8080-exec-6] com.cqupt.aspect.LogAspect               : Request : {url='http://localhost:8080/cqupt/doLogin', ip='127.0.0.1', classMethod='com.cqupt.controller.UserController.doLogin', args=[lbw, 123456, org.apache.catalina.session.StandardSessionFacade@2af8c425, {}]}
2022-02-09 01:16:14.896  INFO 21184 --- [http-nio-8080-exec-6] com.cqupt.aspect.LogAspect               : Result : ResultObj(code=200, msg=登录成功)
2022-02-09 01:16:14.983  INFO 21184 --- [http-nio-8080-exec-4] com.cqupt.aspect.LogAspect               : Request : {url='http://localhost:8080/cqupt/admin/index', ip='127.0.0.1', classMethod='com.cqupt.controller.MyController.adminIndex', args=[]}
2022-02-09 01:16:14.984  INFO 21184 --- [http-nio-8080-exec-4] com.cqupt.aspect.LogAspect               : Result : admin/index
2022-02-09 01:16:16.874  INFO 21184 --- [http-nio-8080-exec-6] com.cqupt.aspect.LogAspect               : Request : {url='http://localhost:8080/cqupt/admin/type', ip='127.0.0.1', classMethod='com.cqupt.controller.MyController.types', args=[]}
2022-02-09 01:16:16.874  INFO 21184 --- [http-nio-8080-exec-6] com.cqupt.aspect.LogAspect               : Result : admin/types
2022-02-09 01:16:16.932 ERROR 21184 --- [http-nio-8080-exec-6] org.thymeleaf.TemplateEngine             : [THYMELEAF][http-nio-8080-exec-6] Exception processing template "admin/types": An error happened during template parsing (template: "class path resource [templates/admin/types.html]")

org.thymeleaf.exceptions.TemplateInputException: An error happened during template parsing (template: "class path resource [templates/admin/types.html]")
	at org.thymeleaf.templateparser.markup.AbstractMarkupTemplateParser.parse(AbstractMarkupTemplateParser.java:241)
	at org.thymeleaf.templateparser.markup.AbstractMarkupTemplateParser.parseStandalone(AbstractMarkupTemplateParser.java:100)
	at org.thymeleaf.engine.TemplateManager.parseAndProcess(TemplateManager.java:666)
	at org.thymeleaf.TemplateEngine.process(TemplateEngine.java:1098)
	at org.thymeleaf.TemplateEngine.process(TemplateEngine.java:1072)
	at org.thymeleaf.spring5.view.ThymeleafView.renderFragment(ThymeleafView.java:366)
	at org.thymeleaf.spring5.view.ThymeleafView.render(ThymeleafView.java:190)
	at org.springframework.web.servlet.DispatcherServlet.render(DispatcherServlet.java:1401)
	at org.springframework.web.servlet.DispatcherServlet.processDispatchResult(DispatcherServlet.java:1145)
	at org.springframework.web.servlet.DispatcherServlet.doDispatch(DispatcherServlet.java:1084)
	at org.springframework.web.servlet.DispatcherServlet.doService(DispatcherServlet.java:963)
	at org.springframework.web.servlet.FrameworkServlet.processRequest(FrameworkServlet.java:1006)
	at org.springframework.web.servlet.FrameworkServlet.doGet(FrameworkServlet.java:898)
	at javax.servlet.http.HttpServlet.service(HttpServlet.java:655)
	at org.springframework.web.servlet.FrameworkServlet.service(FrameworkServlet.java:883)
	at javax.servlet.http.HttpServlet.service(HttpServlet.java:764)
	at org.apache.catalina.core.ApplicationFilterChain.internalDoFilter(ApplicationFilterChain.java:227)
	at org.apache.catalina.core.ApplicationFilterChain.doFilter(ApplicationFilterChain.java:162)
	at org.apache.tomcat.websocket.server.WsFilter.doFilter(WsFilter.java:53)
	at org.apache.catalina.core.ApplicationFilterChain.internalDoFilter(ApplicationFilterChain.java:189)
	at org.apache.catalina.core.ApplicationFilterChain.doFilter(ApplicationFilterChain.java:162)
	at org.springframework.web.filter.RequestContextFilter.doFilterInternal(RequestContextFilter.java:100)
	at org.springframework.web.filter.OncePerRequestFilter.doFilter(OncePerRequestFilter.java:117)
	at org.apache.catalina.core.ApplicationFilterChain.internalDoFilter(ApplicationFilterChain.java:189)
	at org.apache.catalina.core.ApplicationFilterChain.doFilter(ApplicationFilterChain.java:162)
	at org.springframework.web.filter.FormContentFilter.doFilterInternal(FormContentFilter.java:93)
	at org.springframework.web.filter.OncePerRequestFilter.doFilter(OncePerRequestFilter.java:117)
	at org.apache.catalina.core.ApplicationFilterChain.internalDoFilter(ApplicationFilterChain.java:189)
	at org.apache.catalina.core.ApplicationFilterChain.doFilter(ApplicationFilterChain.java:162)
	at org.springframework.web.filter.CharacterEncodingFilter.doFilterInternal(CharacterEncodingFilter.java:201)
	at org.springframework.web.filter.OncePerRequestFilter.doFilter(OncePerRequestFilter.java:117)
	at org.apache.catalina.core.ApplicationFilterChain.internalDoFilter(ApplicationFilterChain.java:189)
	at org.apache.catalina.core.ApplicationFilterChain.doFilter(ApplicationFilterChain.java:162)
	at org.apache.catalina.core.StandardWrapperValve.invoke(StandardWrapperValve.java:197)
	at org.apache.catalina.core.StandardContextValve.invoke(StandardContextValve.java:97)
	at org.apache.catalina.authenticator.AuthenticatorBase.invoke(AuthenticatorBase.java:540)
	at org.apache.catalina.core.StandardHostValve.invoke(StandardHostValve.java:135)
	at org.apache.catalina.valves.ErrorReportValve.invoke(ErrorReportValve.java:92)
	at org.apache.catalina.core.StandardEngineValve.invoke(StandardEngineValve.java:78)
	at org.apache.catalina.connector.CoyoteAdapter.service(CoyoteAdapter.java:357)
	at org.apache.coyote.http11.Http11Processor.service(Http11Processor.java:382)
	at org.apache.coyote.AbstractProcessorLight.process(AbstractProcessorLight.java:65)
	at org.apache.coyote.AbstractProtocol$ConnectionHandler.process(AbstractProtocol.java:895)
	at org.apache.tomcat.util.net.NioEndpoint$SocketProcessor.doRun(NioEndpoint.java:1732)
	at org.apache.tomcat.util.net.SocketProcessorBase.run(SocketProcessorBase.java:49)
	at org.apache.tomcat.util.threads.ThreadPoolExecutor.runWorker(ThreadPoolExecutor.java:1191)
	at org.apache.tomcat.util.threads.ThreadPoolExecutor$Worker.run(ThreadPoolExecutor.java:659)
	at org.apache.tomcat.util.threads.TaskThread$WrappingRunnable.run(TaskThread.java:61)
	at java.lang.Thread.run(Thread.java:745)
Caused by: org.attoparser.ParseException: Exception evaluating SpringEL expression: "pageInfo.list" (template: "admin/types" - line 75, col 30)
	at org.attoparser.MarkupParser.parseDocument(MarkupParser.java:393)
	at org.attoparser.MarkupParser.parse(MarkupParser.java:257)
	at org.thymeleaf.templateparser.markup.AbstractMarkupTemplateParser.parse(AbstractMarkupTemplateParser.java:230)
	... 48 common frames omitted
Caused by: org.thymeleaf.exceptions.TemplateProcessingException: Exception evaluating SpringEL expression: "pageInfo.list" (template: "admin/types" - line 75, col 30)
	at org.thymeleaf.spring5.expression.SPELVariableExpressionEvaluator.evaluate(SPELVariableExpressionEvaluator.java:292)
	at org.thymeleaf.standard.expression.VariableExpression.executeVariableExpression(VariableExpression.java:166)
	at org.thymeleaf.standard.expression.SimpleExpression.executeSimple(SimpleExpression.java:66)
	at org.thymeleaf.standard.expression.Expression.execute(Expression.java:109)
	at org.thymeleaf.standard.expression.Expression.execute(Expression.java:138)
	at org.thymeleaf.standard.expression.Expression.execute(Expression.java:125)
	at org.thymeleaf.standard.processor.StandardEachTagProcessor.doProcess(StandardEachTagProcessor.java:73)
	at org.thymeleaf.processor.element.AbstractAttributeTagProcessor.doProcess(AbstractAttributeTagProcessor.java:74)
	at org.thymeleaf.processor.element.AbstractElementTagProcessor.process(AbstractElementTagProcessor.java:95)
	at org.thymeleaf.util.ProcessorConfigurationUtils$ElementTagProcessorWrapper.process(ProcessorConfigurationUtils.java:633)
	at org.thymeleaf.engine.ProcessorTemplateHandler.handleOpenElement(ProcessorTemplateHandler.java:1314)
	at org.thymeleaf.engine.TemplateHandlerAdapterMarkupHandler.handleOpenElementEnd(TemplateHandlerAdapterMarkupHandler.java:304)
	at org.thymeleaf.templateparser.markup.InlinedOutputExpressionMarkupHandler$InlineMarkupAdapterPreProcessorHandler.handleOpenElementEnd(InlinedOutputExpressionMarkupHandler.java:278)
	at org.thymeleaf.standard.inline.OutputExpressionInlinePreProcessorHandler.handleOpenElementEnd(OutputExpressionInlinePreProcessorHandler.java:186)
	at org.thymeleaf.templateparser.markup.InlinedOutputExpressionMarkupHandler.handleOpenElementEnd(InlinedOutputExpressionMarkupHandler.java:124)
	at org.attoparser.HtmlElement.handleOpenElementEnd(HtmlElement.java:109)
	at org.attoparser.HtmlMarkupHandler.handleOpenElementEnd(HtmlMarkupHandler.java:297)
	at org.attoparser.MarkupEventProcessorHandler.handleOpenElementEnd(MarkupEventProcessorHandler.java:402)
	at org.attoparser.ParsingElementMarkupUtil.parseOpenElement(ParsingElementMarkupUtil.java:159)
	at org.attoparser.MarkupParser.parseBuffer(MarkupParser.java:710)
	at org.attoparser.MarkupParser.parseDocument(MarkupParser.java:301)
	... 50 common frames omitted
Caused by: org.springframework.expression.spel.SpelEvaluationException: EL1007E: Property or field 'list' cannot be found on null
	at org.springframework.expression.spel.ast.PropertyOrFieldReference.readProperty(PropertyOrFieldReference.java:213)
	at org.springframework.expression.spel.ast.PropertyOrFieldReference.getValueInternal(PropertyOrFieldReference.java:104)
	at org.springframework.expression.spel.ast.PropertyOrFieldReference.access$000(PropertyOrFieldReference.java:51)
	at org.springframework.expression.spel.ast.PropertyOrFieldReference$AccessorLValue.getValue(PropertyOrFieldReference.java:406)
	at org.springframework.expression.spel.ast.CompoundExpression.getValueInternal(CompoundExpression.java:92)
	at org.springframework.expression.spel.ast.SpelNodeImpl.getValue(SpelNodeImpl.java:112)
	at org.springframework.expression.spel.standard.SpelExpression.getValue(SpelExpression.java:337)
	at org.thymeleaf.spring5.expression.SPELVariableExpressionEvaluator.evaluate(SPELVariableExpressionEvaluator.java:265)
	... 70 common frames omitted

2022-02-09 01:16:16.937 ERROR 21184 --- [http-nio-8080-exec-6] o.a.c.c.C.[.[.[/].[dispatcherServlet]    : Servlet.service() for servlet [dispatcherServlet] in context with path [] threw exception [Request processing failed; nested exception is org.thymeleaf.exceptions.TemplateInputException: An error happened during template parsing (template: "class path resource [templates/admin/types.html]")] with root cause

org.springframework.expression.spel.SpelEvaluationException: EL1007E: Property or field 'list' cannot be found on null
	at org.springframework.expression.spel.ast.PropertyOrFieldReference.readProperty(PropertyOrFieldReference.java:213)
	at org.springframework.expression.spel.ast.PropertyOrFieldReference.getValueInternal(PropertyOrFieldReference.java:104)
	at org.springframework.expression.spel.ast.PropertyOrFieldReference.access$000(PropertyOrFieldReference.java:51)
	at org.springframework.expression.spel.ast.PropertyOrFieldReference$AccessorLValue.getValue(PropertyOrFieldReference.java:406)
	at org.springframework.expression.spel.ast.CompoundExpression.getValueInternal(CompoundExpression.java:92)
	at org.springframework.expression.spel.ast.SpelNodeImpl.getValue(SpelNodeImpl.java:112)
	at org.springframework.expression.spel.standard.SpelExpression.getValue(SpelExpression.java:337)
	at org.thymeleaf.spring5.expression.SPELVariableExpressionEvaluator.evaluate(SPELVariableExpressionEvaluator.java:265)
	at org.thymeleaf.standard.expression.VariableExpression.executeVariableExpression(VariableExpression.java:166)
	at org.thymeleaf.standard.expression.SimpleExpression.executeSimple(SimpleExpression.java:66)
	at org.thymeleaf.standard.expression.Expression.execute(Expression.java:109)
	at org.thymeleaf.standard.expression.Expression.execute(Expression.java:138)
	at org.thymeleaf.standard.expression.Expression.execute(Expression.java:125)
	at org.thymeleaf.standard.processor.StandardEachTagProcessor.doProcess(StandardEachTagProcessor.java:73)
	at org.thymeleaf.processor.element.AbstractAttributeTagProcessor.doProcess(AbstractAttributeTagProcessor.java:74)
	at org.thymeleaf.processor.element.AbstractElementTagProcessor.process(AbstractElementTagProcessor.java:95)
	at org.thymeleaf.util.ProcessorConfigurationUtils$ElementTagProcessorWrapper.process(ProcessorConfigurationUtils.java:633)
	at org.thymeleaf.engine.ProcessorTemplateHandler.handleOpenElement(ProcessorTemplateHandler.java:1314)
	at org.thymeleaf.engine.TemplateHandlerAdapterMarkupHandler.handleOpenElementEnd(TemplateHandlerAdapterMarkupHandler.java:304)
	at org.thymeleaf.templateparser.markup.InlinedOutputExpressionMarkupHandler$InlineMarkupAdapterPreProcessorHandler.handleOpenElementEnd(InlinedOutputExpressionMarkupHandler.java:278)
	at org.thymeleaf.standard.inline.OutputExpressionInlinePreProcessorHandler.handleOpenElementEnd(OutputExpressionInlinePreProcessorHandler.java:186)
	at org.thymeleaf.templateparser.markup.InlinedOutputExpressionMarkupHandler.handleOpenElementEnd(InlinedOutputExpressionMarkupHandler.java:124)
	at org.attoparser.HtmlElement.handleOpenElementEnd(HtmlElement.java:109)
	at org.attoparser.HtmlMarkupHandler.handleOpenElementEnd(HtmlMarkupHandler.java:297)
	at org.attoparser.MarkupEventProcessorHandler.handleOpenElementEnd(MarkupEventProcessorHandler.java:402)
	at org.attoparser.ParsingElementMarkupUtil.parseOpenElement(ParsingElementMarkupUtil.java:159)
	at org.attoparser.MarkupParser.parseBuffer(MarkupParser.java:710)
	at org.attoparser.MarkupParser.parseDocument(MarkupParser.java:301)
	at org.attoparser.MarkupParser.parse(MarkupParser.java:257)
	at org.thymeleaf.templateparser.markup.AbstractMarkupTemplateParser.parse(AbstractMarkupTemplateParser.java:230)
	at org.thymeleaf.templateparser.markup.AbstractMarkupTemplateParser.parseStandalone(AbstractMarkupTemplateParser.java:100)
	at org.thymeleaf.engine.TemplateManager.parseAndProcess(TemplateManager.java:666)
	at org.thymeleaf.TemplateEngine.process(TemplateEngine.java:1098)
	at org.thymeleaf.TemplateEngine.process(TemplateEngine.java:1072)
	at org.thymeleaf.spring5.view.ThymeleafView.renderFragment(ThymeleafView.java:366)
	at org.thymeleaf.spring5.view.ThymeleafView.render(ThymeleafView.java:190)
	at org.springframework.web.servlet.DispatcherServlet.render(DispatcherServlet.java:1401)
	at org.springframework.web.servlet.DispatcherServlet.processDispatchResult(DispatcherServlet.java:1145)
	at org.springframework.web.servlet.DispatcherServlet.doDispatch(DispatcherServlet.java:1084)
	at org.springframework.web.servlet.DispatcherServlet.doService(DispatcherServlet.java:963)
	at org.springframework.web.servlet.FrameworkServlet.processRequest(FrameworkServlet.java:1006)
	at org.springframework.web.servlet.FrameworkServlet.doGet(FrameworkServlet.java:898)
	at javax.servlet.http.HttpServlet.service(HttpServlet.java:655)
	at org.springframework.web.servlet.FrameworkServlet.service(FrameworkServlet.java:883)
	at javax.servlet.http.HttpServlet.service(HttpServlet.java:764)
	at org.apache.catalina.core.ApplicationFilterChain.internalDoFilter(ApplicationFilterChain.java:227)
	at org.apache.catalina.core.ApplicationFilterChain.doFilter(ApplicationFilterChain.java:162)
	at org.apache.tomcat.websocket.server.WsFilter.doFilter(WsFilter.java:53)
	at org.apache.catalina.core.ApplicationFilterChain.internalDoFilter(ApplicationFilterChain.java:189)
	at org.apache.catalina.core.ApplicationFilterChain.doFilter(ApplicationFilterChain.java:162)
	at org.springframework.web.filter.RequestContextFilter.doFilterInternal(RequestContextFilter.java:100)
	at org.springframework.web.filter.OncePerRequestFilter.doFilter(OncePerRequestFilter.java:117)
	at org.apache.catalina.core.ApplicationFilterChain.internalDoFilter(ApplicationFilterChain.java:189)
	at org.apache.catalina.core.ApplicationFilterChain.doFilter(ApplicationFilterChain.java:162)
	at org.springframework.web.filter.FormContentFilter.doFilterInternal(FormContentFilter.java:93)
	at org.springframework.web.filter.OncePerRequestFilter.doFilter(OncePerRequestFilter.java:117)
	at org.apache.catalina.core.ApplicationFilterChain.internalDoFilter(ApplicationFilterChain.java:189)
	at org.apache.catalina.core.ApplicationFilterChain.doFilter(ApplicationFilterChain.java:162)
	at org.springframework.web.filter.CharacterEncodingFilter.doFilterInternal(CharacterEncodingFilter.java:201)
	at org.springframework.web.filter.OncePerRequestFilter.doFilter(OncePerRequestFilter.java:117)
	at org.apache.catalina.core.ApplicationFilterChain.internalDoFilter(ApplicationFilterChain.java:189)
	at org.apache.catalina.core.ApplicationFilterChain.doFilter(ApplicationFilterChain.java:162)
	at org.apache.catalina.core.StandardWrapperValve.invoke(StandardWrapperValve.java:197)
	at org.apache.catalina.core.StandardContextValve.invoke(StandardContextValve.java:97)
	at org.apache.catalina.authenticator.AuthenticatorBase.invoke(AuthenticatorBase.java:540)
	at org.apache.catalina.core.StandardHostValve.invoke(StandardHostValve.java:135)
	at org.apache.catalina.valves.ErrorReportValve.invoke(ErrorReportValve.java:92)
	at org.apache.catalina.core.StandardEngineValve.invoke(StandardEngineValve.java:78)
	at org.apache.catalina.connector.CoyoteAdapter.service(CoyoteAdapter.java:357)
	at org.apache.coyote.http11.Http11Processor.service(Http11Processor.java:382)
	at org.apache.coyote.AbstractProcessorLight.process(AbstractProcessorLight.java:65)
	at org.apache.coyote.AbstractProtocol$ConnectionHandler.process(AbstractProtocol.java:895)
	at org.apache.tomcat.util.net.NioEndpoint$SocketProcessor.doRun(NioEndpoint.java:1732)
	at org.apache.tomcat.util.net.SocketProcessorBase.run(SocketProcessorBase.java:49)
	at org.apache.tomcat.util.threads.ThreadPoolExecutor.runWorker(ThreadPoolExecutor.java:1191)
	at org.apache.tomcat.util.threads.ThreadPoolExecutor$Worker.run(ThreadPoolExecutor.java:659)
	at org.apache.tomcat.util.threads.TaskThread$WrappingRunnable.run(TaskThread.java:61)
	at java.lang.Thread.run(Thread.java:745)

2022-02-09 01:19:53.314  INFO 8052 --- [restartedMain] com.cqupt.CquptApplication               : Starting CquptApplication using Java 1.8.0_111 on LAPTOP-Q220O7B3 with PID 8052 (D:\Study\研一项目开发技术栈总结\项目实战\CQUPT_springboot学术交流平台\springboot-Academic-exchange-platform\target\classes started by 86177 in D:\Study\研一项目开发技术栈总结\项目实战\CQUPT_springboot学术交流平台\springboot-Academic-exchange-platform)
2022-02-09 01:19:53.316  INFO 8052 --- [restartedMain] com.cqupt.CquptApplication               : No active profile set, falling back to default profiles: default
2022-02-09 01:19:53.366  INFO 8052 --- [restartedMain] .e.DevToolsPropertyDefaultsPostProcessor : Devtools property defaults active! Set 'spring.devtools.add-properties' to 'false' to disable
2022-02-09 01:19:53.366  INFO 8052 --- [restartedMain] .e.DevToolsPropertyDefaultsPostProcessor : For additional web related logging consider setting the 'logging.level.web' property to 'DEBUG'
2022-02-09 01:19:54.749  INFO 8052 --- [restartedMain] o.s.b.w.embedded.tomcat.TomcatWebServer  : Tomcat initialized with port(s): 8080 (http)
2022-02-09 01:19:54.758  INFO 8052 --- [restartedMain] o.apache.catalina.core.StandardService   : Starting service [Tomcat]
2022-02-09 01:19:54.758  INFO 8052 --- [restartedMain] org.apache.catalina.core.StandardEngine  : Starting Servlet engine: [Apache Tomcat/9.0.56]
2022-02-09 01:19:54.860  INFO 8052 --- [restartedMain] o.a.c.c.C.[Tomcat].[localhost].[/]       : Initializing Spring embedded WebApplicationContext
2022-02-09 01:19:54.860  INFO 8052 --- [restartedMain] w.s.c.ServletWebServerApplicationContext : Root WebApplicationContext: initialization completed in 1493 ms
2022-02-09 01:19:55.031  INFO 8052 --- [restartedMain] c.a.d.s.b.a.DruidDataSourceAutoConfigure : Init DruidDataSource
2022-02-09 01:19:55.335  INFO 8052 --- [restartedMain] com.alibaba.druid.pool.DruidDataSource   : {dataSource-1} inited
2022-02-09 01:19:55.989  INFO 8052 --- [restartedMain] o.s.b.a.w.s.WelcomePageHandlerMapping    : Adding welcome page template: index
2022-02-09 01:19:56.354  INFO 8052 --- [restartedMain] o.s.b.d.a.OptionalLiveReloadServer       : LiveReload server is running on port 35729
2022-02-09 01:19:56.391  INFO 8052 --- [restartedMain] o.s.b.w.embedded.tomcat.TomcatWebServer  : Tomcat started on port(s): 8080 (http) with context path ''
2022-02-09 01:19:56.401  INFO 8052 --- [restartedMain] com.cqupt.CquptApplication               : Started CquptApplication in 3.72 seconds (JVM running for 5.031)
2022-02-09 01:20:05.311  INFO 8052 --- [http-nio-8080-exec-1] o.a.c.c.C.[Tomcat].[localhost].[/]       : Initializing Spring DispatcherServlet 'dispatcherServlet'
2022-02-09 01:20:05.312  INFO 8052 --- [http-nio-8080-exec-1] o.s.web.servlet.DispatcherServlet        : Initializing Servlet 'dispatcherServlet'
2022-02-09 01:20:05.315  INFO 8052 --- [http-nio-8080-exec-1] o.s.web.servlet.DispatcherServlet        : Completed initialization in 2 ms
2022-02-09 01:20:05.392  INFO 8052 --- [http-nio-8080-exec-2] com.cqupt.aspect.LogAspect               : Request : {url='http://localhost:8080/cqupt/login', ip='127.0.0.1', classMethod='com.cqupt.controller.MyController.toLogin', args=[]}
2022-02-09 01:20:05.400  INFO 8052 --- [http-nio-8080-exec-2] com.cqupt.aspect.LogAspect               : Result : admin/login
2022-02-09 01:20:09.115  INFO 8052 --- [http-nio-8080-exec-6] com.cqupt.aspect.LogAspect               : Request : {url='http://localhost:8080/cqupt/doLogin', ip='127.0.0.1', classMethod='com.cqupt.controller.UserController.doLogin', args=[lbw, 123456, org.apache.catalina.session.StandardSessionFacade@64dcf329, {}]}
2022-02-09 01:20:09.420  INFO 8052 --- [http-nio-8080-exec-6] com.cqupt.aspect.LogAspect               : Result : ResultObj(code=200, msg=登录成功)
2022-02-09 01:20:09.495  INFO 8052 --- [http-nio-8080-exec-5] com.cqupt.aspect.LogAspect               : Request : {url='http://localhost:8080/cqupt/admin/index', ip='127.0.0.1', classMethod='com.cqupt.controller.MyController.adminIndex', args=[]}
2022-02-09 01:20:09.495  INFO 8052 --- [http-nio-8080-exec-5] com.cqupt.aspect.LogAspect               : Result : admin/index
2022-02-09 01:20:11.167  INFO 8052 --- [http-nio-8080-exec-2] com.cqupt.aspect.LogAspect               : Request : {url='http://localhost:8080/cqupt/admin/types', ip='127.0.0.1', classMethod='com.cqupt.controller.TypeController.list', args=[{}, 1]}
2022-02-09 01:20:11.215 ERROR 8052 --- [http-nio-8080-exec-2] c.c.aspect.ControllerExceptionHandler    : Requst URL : http://localhost:8080/cqupt/admin/types，Exception : {}

org.apache.ibatis.binding.BindingException: Invalid bound statement (not found): com.cqupt.mapper.TypeMapper.getAllType
	at org.apache.ibatis.binding.MapperMethod$SqlCommand.<init>(MapperMethod.java:235)
	at com.baomidou.mybatisplus.core.override.MybatisMapperMethod.<init>(MybatisMapperMethod.java:49)
	at com.baomidou.mybatisplus.core.override.MybatisMapperProxy.lambda$cachedMapperMethod$0(MybatisMapperProxy.java:65)
	at java.util.concurrent.ConcurrentHashMap.computeIfAbsent(ConcurrentHashMap.java:1660)
	at com.baomidou.mybatisplus.core.override.MybatisMapperProxy.cachedMapperMethod(MybatisMapperProxy.java:65)
	at com.baomidou.mybatisplus.core.override.MybatisMapperProxy.invoke(MybatisMapperProxy.java:60)
	at com.sun.proxy.$Proxy82.getAllType(Unknown Source)
	at com.cqupt.service.impl.TypeServiceImpl.getAllType(TypeServiceImpl.java:43)
	at com.cqupt.service.impl.TypeServiceImpl$$FastClassBySpringCGLIB$$13e15d16.invoke(<generated>)
	at org.springframework.cglib.proxy.MethodProxy.invoke(MethodProxy.java:218)
	at org.springframework.aop.framework.CglibAopProxy$CglibMethodInvocation.invokeJoinpoint(CglibAopProxy.java:783)
	at org.springframework.aop.framework.ReflectiveMethodInvocation.proceed(ReflectiveMethodInvocation.java:163)
	at org.springframework.aop.framework.CglibAopProxy$CglibMethodInvocation.proceed(CglibAopProxy.java:753)
	at org.springframework.transaction.interceptor.TransactionInterceptor$1.proceedWithInvocation(TransactionInterceptor.java:123)
	at org.springframework.transaction.interceptor.TransactionAspectSupport.invokeWithinTransaction(TransactionAspectSupport.java:388)
	at org.springframework.transaction.interceptor.TransactionInterceptor.invoke(TransactionInterceptor.java:119)
	at org.springframework.aop.framework.ReflectiveMethodInvocation.proceed(ReflectiveMethodInvocation.java:186)
	at org.springframework.aop.framework.CglibAopProxy$CglibMethodInvocation.proceed(CglibAopProxy.java:753)
	at org.springframework.aop.framework.CglibAopProxy$DynamicAdvisedInterceptor.intercept(CglibAopProxy.java:698)
	at com.cqupt.service.impl.TypeServiceImpl$$EnhancerBySpringCGLIB$$6ac8bb73.getAllType(<generated>)
	at com.cqupt.controller.TypeController.list(TypeController.java:38)
	at com.cqupt.controller.TypeController$$FastClassBySpringCGLIB$$33f1fc98.invoke(<generated>)
	at org.springframework.cglib.proxy.MethodProxy.invoke(MethodProxy.java:218)
	at org.springframework.aop.framework.CglibAopProxy$CglibMethodInvocation.invokeJoinpoint(CglibAopProxy.java:783)
	at org.springframework.aop.framework.ReflectiveMethodInvocation.proceed(ReflectiveMethodInvocation.java:163)
	at org.springframework.aop.framework.CglibAopProxy$CglibMethodInvocation.proceed(CglibAopProxy.java:753)
	at org.springframework.aop.framework.adapter.AfterReturningAdviceInterceptor.invoke(AfterReturningAdviceInterceptor.java:57)
	at org.springframework.aop.framework.ReflectiveMethodInvocation.proceed(ReflectiveMethodInvocation.java:186)
	at org.springframework.aop.framework.CglibAopProxy$CglibMethodInvocation.proceed(CglibAopProxy.java:753)
	at org.springframework.aop.aspectj.AspectJAfterAdvice.invoke(AspectJAfterAdvice.java:49)
	at org.springframework.aop.framework.ReflectiveMethodInvocation.proceed(ReflectiveMethodInvocation.java:186)
	at org.springframework.aop.framework.CglibAopProxy$CglibMethodInvocation.proceed(CglibAopProxy.java:753)
	at org.springframework.aop.framework.adapter.MethodBeforeAdviceInterceptor.invoke(MethodBeforeAdviceInterceptor.java:58)
	at org.springframework.aop.framework.ReflectiveMethodInvocation.proceed(ReflectiveMethodInvocation.java:186)
	at org.springframework.aop.framework.CglibAopProxy$CglibMethodInvocation.proceed(CglibAopProxy.java:753)
	at org.springframework.aop.interceptor.ExposeInvocationInterceptor.invoke(ExposeInvocationInterceptor.java:97)
	at org.springframework.aop.framework.ReflectiveMethodInvocation.proceed(ReflectiveMethodInvocation.java:186)
	at org.springframework.aop.framework.CglibAopProxy$CglibMethodInvocation.proceed(CglibAopProxy.java:753)
	at org.springframework.aop.framework.CglibAopProxy$DynamicAdvisedInterceptor.intercept(CglibAopProxy.java:698)
	at com.cqupt.controller.TypeController$$EnhancerBySpringCGLIB$$d07274ea.list(<generated>)
	at sun.reflect.NativeMethodAccessorImpl.invoke0(Native Method)
	at sun.reflect.NativeMethodAccessorImpl.invoke(NativeMethodAccessorImpl.java:62)
	at sun.reflect.DelegatingMethodAccessorImpl.invoke(DelegatingMethodAccessorImpl.java:43)
	at java.lang.reflect.Method.invoke(Method.java:498)
	at org.springframework.web.method.support.InvocableHandlerMethod.doInvoke(InvocableHandlerMethod.java:205)
	at org.springframework.web.method.support.InvocableHandlerMethod.invokeForRequest(InvocableHandlerMethod.java:150)
	at org.springframework.web.servlet.mvc.method.annotation.ServletInvocableHandlerMethod.invokeAndHandle(ServletInvocableHandlerMethod.java:117)
	at org.springframework.web.servlet.mvc.method.annotation.RequestMappingHandlerAdapter.invokeHandlerMethod(RequestMappingHandlerAdapter.java:895)
	at org.springframework.web.servlet.mvc.method.annotation.RequestMappingHandlerAdapter.handleInternal(RequestMappingHandlerAdapter.java:808)
	at org.springframework.web.servlet.mvc.method.AbstractHandlerMethodAdapter.handle(AbstractHandlerMethodAdapter.java:87)
	at org.springframework.web.servlet.DispatcherServlet.doDispatch(DispatcherServlet.java:1067)
	at org.springframework.web.servlet.DispatcherServlet.doService(DispatcherServlet.java:963)
	at org.springframework.web.servlet.FrameworkServlet.processRequest(FrameworkServlet.java:1006)
	at org.springframework.web.servlet.FrameworkServlet.doGet(FrameworkServlet.java:898)
	at javax.servlet.http.HttpServlet.service(HttpServlet.java:655)
	at org.springframework.web.servlet.FrameworkServlet.service(FrameworkServlet.java:883)
	at javax.servlet.http.HttpServlet.service(HttpServlet.java:764)
	at org.apache.catalina.core.ApplicationFilterChain.internalDoFilter(ApplicationFilterChain.java:227)
	at org.apache.catalina.core.ApplicationFilterChain.doFilter(ApplicationFilterChain.java:162)
	at org.apache.tomcat.websocket.server.WsFilter.doFilter(WsFilter.java:53)
	at org.apache.catalina.core.ApplicationFilterChain.internalDoFilter(ApplicationFilterChain.java:189)
	at org.apache.catalina.core.ApplicationFilterChain.doFilter(ApplicationFilterChain.java:162)
	at org.springframework.web.filter.RequestContextFilter.doFilterInternal(RequestContextFilter.java:100)
	at org.springframework.web.filter.OncePerRequestFilter.doFilter(OncePerRequestFilter.java:117)
	at org.apache.catalina.core.ApplicationFilterChain.internalDoFilter(ApplicationFilterChain.java:189)
	at org.apache.catalina.core.ApplicationFilterChain.doFilter(ApplicationFilterChain.java:162)
	at org.springframework.web.filter.FormContentFilter.doFilterInternal(FormContentFilter.java:93)
	at org.springframework.web.filter.OncePerRequestFilter.doFilter(OncePerRequestFilter.java:117)
	at org.apache.catalina.core.ApplicationFilterChain.internalDoFilter(ApplicationFilterChain.java:189)
	at org.apache.catalina.core.ApplicationFilterChain.doFilter(ApplicationFilterChain.java:162)
	at org.springframework.web.filter.CharacterEncodingFilter.doFilterInternal(CharacterEncodingFilter.java:201)
	at org.springframework.web.filter.OncePerRequestFilter.doFilter(OncePerRequestFilter.java:117)
	at org.apache.catalina.core.ApplicationFilterChain.internalDoFilter(ApplicationFilterChain.java:189)
	at org.apache.catalina.core.ApplicationFilterChain.doFilter(ApplicationFilterChain.java:162)
	at org.apache.catalina.core.StandardWrapperValve.invoke(StandardWrapperValve.java:197)
	at org.apache.catalina.core.StandardContextValve.invoke(StandardContextValve.java:97)
	at org.apache.catalina.authenticator.AuthenticatorBase.invoke(AuthenticatorBase.java:540)
	at org.apache.catalina.core.StandardHostValve.invoke(StandardHostValve.java:135)
	at org.apache.catalina.valves.ErrorReportValve.invoke(ErrorReportValve.java:92)
	at org.apache.catalina.core.StandardEngineValve.invoke(StandardEngineValve.java:78)
	at org.apache.catalina.connector.CoyoteAdapter.service(CoyoteAdapter.java:357)
	at org.apache.coyote.http11.Http11Processor.service(Http11Processor.java:382)
	at org.apache.coyote.AbstractProcessorLight.process(AbstractProcessorLight.java:65)
	at org.apache.coyote.AbstractProtocol$ConnectionHandler.process(AbstractProtocol.java:895)
	at org.apache.tomcat.util.net.NioEndpoint$SocketProcessor.doRun(NioEndpoint.java:1732)
	at org.apache.tomcat.util.net.SocketProcessorBase.run(SocketProcessorBase.java:49)
	at org.apache.tomcat.util.threads.ThreadPoolExecutor.runWorker(ThreadPoolExecutor.java:1191)
	at org.apache.tomcat.util.threads.ThreadPoolExecutor$Worker.run(ThreadPoolExecutor.java:659)
	at org.apache.tomcat.util.threads.TaskThread$WrappingRunnable.run(TaskThread.java:61)
	at java.lang.Thread.run(Thread.java:745)

2022-02-09 01:20:11.218  WARN 8052 --- [http-nio-8080-exec-2] .m.m.a.ExceptionHandlerExceptionResolver : Resolved [org.apache.ibatis.binding.BindingException: Invalid bound statement (not found): com.cqupt.mapper.TypeMapper.getAllType]
2022-02-09 01:23:16.800  INFO 8052 --- [Thread-14] com.alibaba.druid.pool.DruidDataSource   : {dataSource-1} closing ...
2022-02-09 01:23:16.809  INFO 8052 --- [Thread-14] com.alibaba.druid.pool.DruidDataSource   : {dataSource-1} closed
2022-02-09 01:23:34.203  INFO 11280 --- [restartedMain] com.cqupt.CquptApplication               : Starting CquptApplication using Java 1.8.0_111 on LAPTOP-Q220O7B3 with PID 11280 (D:\Study\研一项目开发技术栈总结\项目实战\CQUPT_springboot学术交流平台\springboot-Academic-exchange-platform\target\classes started by 86177 in D:\Study\研一项目开发技术栈总结\项目实战\CQUPT_springboot学术交流平台\springboot-Academic-exchange-platform)
2022-02-09 01:23:34.204  INFO 11280 --- [restartedMain] com.cqupt.CquptApplication               : No active profile set, falling back to default profiles: default
2022-02-09 01:23:34.258  INFO 11280 --- [restartedMain] .e.DevToolsPropertyDefaultsPostProcessor : Devtools property defaults active! Set 'spring.devtools.add-properties' to 'false' to disable
2022-02-09 01:23:34.258  INFO 11280 --- [restartedMain] .e.DevToolsPropertyDefaultsPostProcessor : For additional web related logging consider setting the 'logging.level.web' property to 'DEBUG'
2022-02-09 01:23:35.937  INFO 11280 --- [restartedMain] o.s.b.w.embedded.tomcat.TomcatWebServer  : Tomcat initialized with port(s): 8080 (http)
2022-02-09 01:23:35.944  INFO 11280 --- [restartedMain] o.apache.catalina.core.StandardService   : Starting service [Tomcat]
2022-02-09 01:23:35.944  INFO 11280 --- [restartedMain] org.apache.catalina.core.StandardEngine  : Starting Servlet engine: [Apache Tomcat/9.0.56]
2022-02-09 01:23:36.068  INFO 11280 --- [restartedMain] o.a.c.c.C.[Tomcat].[localhost].[/]       : Initializing Spring embedded WebApplicationContext
2022-02-09 01:23:36.069  INFO 11280 --- [restartedMain] w.s.c.ServletWebServerApplicationContext : Root WebApplicationContext: initialization completed in 1810 ms
2022-02-09 01:23:36.256  INFO 11280 --- [restartedMain] c.a.d.s.b.a.DruidDataSourceAutoConfigure : Init DruidDataSource
2022-02-09 01:23:36.599  INFO 11280 --- [restartedMain] com.alibaba.druid.pool.DruidDataSource   : {dataSource-1} inited
2022-02-09 01:23:37.345  INFO 11280 --- [restartedMain] o.s.b.a.w.s.WelcomePageHandlerMapping    : Adding welcome page template: index
2022-02-09 01:23:37.823  INFO 11280 --- [restartedMain] o.s.b.d.a.OptionalLiveReloadServer       : LiveReload server is running on port 35729
2022-02-09 01:23:37.864  INFO 11280 --- [restartedMain] o.s.b.w.embedded.tomcat.TomcatWebServer  : Tomcat started on port(s): 8080 (http) with context path ''
2022-02-09 01:23:37.881  INFO 11280 --- [restartedMain] com.cqupt.CquptApplication               : Started CquptApplication in 4.098 seconds (JVM running for 5.343)
2022-02-09 01:23:43.007  INFO 11280 --- [http-nio-8080-exec-1] o.a.c.c.C.[Tomcat].[localhost].[/]       : Initializing Spring DispatcherServlet 'dispatcherServlet'
2022-02-09 01:23:43.009  INFO 11280 --- [http-nio-8080-exec-1] o.s.web.servlet.DispatcherServlet        : Initializing Servlet 'dispatcherServlet'
2022-02-09 01:23:43.011  INFO 11280 --- [http-nio-8080-exec-1] o.s.web.servlet.DispatcherServlet        : Completed initialization in 2 ms
2022-02-09 01:23:43.085  INFO 11280 --- [http-nio-8080-exec-2] com.cqupt.aspect.LogAspect               : Request : {url='http://localhost:8080/cqupt/login', ip='127.0.0.1', classMethod='com.cqupt.controller.MyController.toLogin', args=[]}
2022-02-09 01:23:43.093  INFO 11280 --- [http-nio-8080-exec-2] com.cqupt.aspect.LogAspect               : Result : admin/login
2022-02-09 01:23:52.623  INFO 11280 --- [http-nio-8080-exec-5] com.cqupt.aspect.LogAspect               : Request : {url='http://localhost:8080/cqupt/doLogin', ip='127.0.0.1', classMethod='com.cqupt.controller.UserController.doLogin', args=[lbw, 123456, org.apache.catalina.session.StandardSessionFacade@6015fc32, {}]}
2022-02-09 01:23:52.923  INFO 11280 --- [http-nio-8080-exec-5] com.cqupt.aspect.LogAspect               : Result : ResultObj(code=200, msg=登录成功)
2022-02-09 01:23:53.022  INFO 11280 --- [http-nio-8080-exec-4] com.cqupt.aspect.LogAspect               : Request : {url='http://localhost:8080/cqupt/admin/index', ip='127.0.0.1', classMethod='com.cqupt.controller.MyController.adminIndex', args=[]}
2022-02-09 01:23:53.023  INFO 11280 --- [http-nio-8080-exec-4] com.cqupt.aspect.LogAspect               : Result : admin/index
2022-02-09 01:23:58.987  INFO 11280 --- [http-nio-8080-exec-2] com.cqupt.aspect.LogAspect               : Request : {url='http://localhost:8080/cqupt/admin/types', ip='127.0.0.1', classMethod='com.cqupt.controller.TypeController.list', args=[{}, 1]}
2022-02-09 01:23:59.041 ERROR 11280 --- [http-nio-8080-exec-2] c.c.aspect.ControllerExceptionHandler    : Requst URL : http://localhost:8080/cqupt/admin/types，Exception : {}

org.apache.ibatis.binding.BindingException: Invalid bound statement (not found): com.cqupt.mapper.TypeMapper.getAllType
	at org.apache.ibatis.binding.MapperMethod$SqlCommand.<init>(MapperMethod.java:235)
	at com.baomidou.mybatisplus.core.override.MybatisMapperMethod.<init>(MybatisMapperMethod.java:49)
	at com.baomidou.mybatisplus.core.override.MybatisMapperProxy.lambda$cachedMapperMethod$0(MybatisMapperProxy.java:65)
	at java.util.concurrent.ConcurrentHashMap.computeIfAbsent(ConcurrentHashMap.java:1660)
	at com.baomidou.mybatisplus.core.override.MybatisMapperProxy.cachedMapperMethod(MybatisMapperProxy.java:65)
	at com.baomidou.mybatisplus.core.override.MybatisMapperProxy.invoke(MybatisMapperProxy.java:60)
	at com.sun.proxy.$Proxy82.getAllType(Unknown Source)
	at com.cqupt.service.impl.TypeServiceImpl.getAllType(TypeServiceImpl.java:43)
	at com.cqupt.service.impl.TypeServiceImpl$$FastClassBySpringCGLIB$$13e15d16.invoke(<generated>)
	at org.springframework.cglib.proxy.MethodProxy.invoke(MethodProxy.java:218)
	at org.springframework.aop.framework.CglibAopProxy$CglibMethodInvocation.invokeJoinpoint(CglibAopProxy.java:783)
	at org.springframework.aop.framework.ReflectiveMethodInvocation.proceed(ReflectiveMethodInvocation.java:163)
	at org.springframework.aop.framework.CglibAopProxy$CglibMethodInvocation.proceed(CglibAopProxy.java:753)
	at org.springframework.transaction.interceptor.TransactionInterceptor$1.proceedWithInvocation(TransactionInterceptor.java:123)
	at org.springframework.transaction.interceptor.TransactionAspectSupport.invokeWithinTransaction(TransactionAspectSupport.java:388)
	at org.springframework.transaction.interceptor.TransactionInterceptor.invoke(TransactionInterceptor.java:119)
	at org.springframework.aop.framework.ReflectiveMethodInvocation.proceed(ReflectiveMethodInvocation.java:186)
	at org.springframework.aop.framework.CglibAopProxy$CglibMethodInvocation.proceed(CglibAopProxy.java:753)
	at org.springframework.aop.framework.CglibAopProxy$DynamicAdvisedInterceptor.intercept(CglibAopProxy.java:698)
	at com.cqupt.service.impl.TypeServiceImpl$$EnhancerBySpringCGLIB$$57948bc3.getAllType(<generated>)
	at com.cqupt.controller.TypeController.list(TypeController.java:38)
	at com.cqupt.controller.TypeController$$FastClassBySpringCGLIB$$33f1fc98.invoke(<generated>)
	at org.springframework.cglib.proxy.MethodProxy.invoke(MethodProxy.java:218)
	at org.springframework.aop.framework.CglibAopProxy$CglibMethodInvocation.invokeJoinpoint(CglibAopProxy.java:783)
	at org.springframework.aop.framework.ReflectiveMethodInvocation.proceed(ReflectiveMethodInvocation.java:163)
	at org.springframework.aop.framework.CglibAopProxy$CglibMethodInvocation.proceed(CglibAopProxy.java:753)
	at org.springframework.aop.framework.adapter.AfterReturningAdviceInterceptor.invoke(AfterReturningAdviceInterceptor.java:57)
	at org.springframework.aop.framework.ReflectiveMethodInvocation.proceed(ReflectiveMethodInvocation.java:186)
	at org.springframework.aop.framework.CglibAopProxy$CglibMethodInvocation.proceed(CglibAopProxy.java:753)
	at org.springframework.aop.aspectj.AspectJAfterAdvice.invoke(AspectJAfterAdvice.java:49)
	at org.springframework.aop.framework.ReflectiveMethodInvocation.proceed(ReflectiveMethodInvocation.java:186)
	at org.springframework.aop.framework.CglibAopProxy$CglibMethodInvocation.proceed(CglibAopProxy.java:753)
	at org.springframework.aop.framework.adapter.MethodBeforeAdviceInterceptor.invoke(MethodBeforeAdviceInterceptor.java:58)
	at org.springframework.aop.framework.ReflectiveMethodInvocation.proceed(ReflectiveMethodInvocation.java:186)
	at org.springframework.aop.framework.CglibAopProxy$CglibMethodInvocation.proceed(CglibAopProxy.java:753)
	at org.springframework.aop.interceptor.ExposeInvocationInterceptor.invoke(ExposeInvocationInterceptor.java:97)
	at org.springframework.aop.framework.ReflectiveMethodInvocation.proceed(ReflectiveMethodInvocation.java:186)
	at org.springframework.aop.framework.CglibAopProxy$CglibMethodInvocation.proceed(CglibAopProxy.java:753)
	at org.springframework.aop.framework.CglibAopProxy$DynamicAdvisedInterceptor.intercept(CglibAopProxy.java:698)
	at com.cqupt.controller.TypeController$$EnhancerBySpringCGLIB$$2f51d70b.list(<generated>)
	at sun.reflect.NativeMethodAccessorImpl.invoke0(Native Method)
	at sun.reflect.NativeMethodAccessorImpl.invoke(NativeMethodAccessorImpl.java:62)
	at sun.reflect.DelegatingMethodAccessorImpl.invoke(DelegatingMethodAccessorImpl.java:43)
	at java.lang.reflect.Method.invoke(Method.java:498)
	at org.springframework.web.method.support.InvocableHandlerMethod.doInvoke(InvocableHandlerMethod.java:205)
	at org.springframework.web.method.support.InvocableHandlerMethod.invokeForRequest(InvocableHandlerMethod.java:150)
	at org.springframework.web.servlet.mvc.method.annotation.ServletInvocableHandlerMethod.invokeAndHandle(ServletInvocableHandlerMethod.java:117)
	at org.springframework.web.servlet.mvc.method.annotation.RequestMappingHandlerAdapter.invokeHandlerMethod(RequestMappingHandlerAdapter.java:895)
	at org.springframework.web.servlet.mvc.method.annotation.RequestMappingHandlerAdapter.handleInternal(RequestMappingHandlerAdapter.java:808)
	at org.springframework.web.servlet.mvc.method.AbstractHandlerMethodAdapter.handle(AbstractHandlerMethodAdapter.java:87)
	at org.springframework.web.servlet.DispatcherServlet.doDispatch(DispatcherServlet.java:1067)
	at org.springframework.web.servlet.DispatcherServlet.doService(DispatcherServlet.java:963)
	at org.springframework.web.servlet.FrameworkServlet.processRequest(FrameworkServlet.java:1006)
	at org.springframework.web.servlet.FrameworkServlet.doGet(FrameworkServlet.java:898)
	at javax.servlet.http.HttpServlet.service(HttpServlet.java:655)
	at org.springframework.web.servlet.FrameworkServlet.service(FrameworkServlet.java:883)
	at javax.servlet.http.HttpServlet.service(HttpServlet.java:764)
	at org.apache.catalina.core.ApplicationFilterChain.internalDoFilter(ApplicationFilterChain.java:227)
	at org.apache.catalina.core.ApplicationFilterChain.doFilter(ApplicationFilterChain.java:162)
	at org.apache.tomcat.websocket.server.WsFilter.doFilter(WsFilter.java:53)
	at org.apache.catalina.core.ApplicationFilterChain.internalDoFilter(ApplicationFilterChain.java:189)
	at org.apache.catalina.core.ApplicationFilterChain.doFilter(ApplicationFilterChain.java:162)
	at org.springframework.web.filter.RequestContextFilter.doFilterInternal(RequestContextFilter.java:100)
	at org.springframework.web.filter.OncePerRequestFilter.doFilter(OncePerRequestFilter.java:117)
	at org.apache.catalina.core.ApplicationFilterChain.internalDoFilter(ApplicationFilterChain.java:189)
	at org.apache.catalina.core.ApplicationFilterChain.doFilter(ApplicationFilterChain.java:162)
	at org.springframework.web.filter.FormContentFilter.doFilterInternal(FormContentFilter.java:93)
	at org.springframework.web.filter.OncePerRequestFilter.doFilter(OncePerRequestFilter.java:117)
	at org.apache.catalina.core.ApplicationFilterChain.internalDoFilter(ApplicationFilterChain.java:189)
	at org.apache.catalina.core.ApplicationFilterChain.doFilter(ApplicationFilterChain.java:162)
	at org.springframework.web.filter.CharacterEncodingFilter.doFilterInternal(CharacterEncodingFilter.java:201)
	at org.springframework.web.filter.OncePerRequestFilter.doFilter(OncePerRequestFilter.java:117)
	at org.apache.catalina.core.ApplicationFilterChain.internalDoFilter(ApplicationFilterChain.java:189)
	at org.apache.catalina.core.ApplicationFilterChain.doFilter(ApplicationFilterChain.java:162)
	at org.apache.catalina.core.StandardWrapperValve.invoke(StandardWrapperValve.java:197)
	at org.apache.catalina.core.StandardContextValve.invoke(StandardContextValve.java:97)
	at org.apache.catalina.authenticator.AuthenticatorBase.invoke(AuthenticatorBase.java:540)
	at org.apache.catalina.core.StandardHostValve.invoke(StandardHostValve.java:135)
	at org.apache.catalina.valves.ErrorReportValve.invoke(ErrorReportValve.java:92)
	at org.apache.catalina.core.StandardEngineValve.invoke(StandardEngineValve.java:78)
	at org.apache.catalina.connector.CoyoteAdapter.service(CoyoteAdapter.java:357)
	at org.apache.coyote.http11.Http11Processor.service(Http11Processor.java:382)
	at org.apache.coyote.AbstractProcessorLight.process(AbstractProcessorLight.java:65)
	at org.apache.coyote.AbstractProtocol$ConnectionHandler.process(AbstractProtocol.java:895)
	at org.apache.tomcat.util.net.NioEndpoint$SocketProcessor.doRun(NioEndpoint.java:1732)
	at org.apache.tomcat.util.net.SocketProcessorBase.run(SocketProcessorBase.java:49)
	at org.apache.tomcat.util.threads.ThreadPoolExecutor.runWorker(ThreadPoolExecutor.java:1191)
	at org.apache.tomcat.util.threads.ThreadPoolExecutor$Worker.run(ThreadPoolExecutor.java:659)
	at org.apache.tomcat.util.threads.TaskThread$WrappingRunnable.run(TaskThread.java:61)
	at java.lang.Thread.run(Thread.java:745)

2022-02-09 01:23:59.045  WARN 11280 --- [http-nio-8080-exec-2] .m.m.a.ExceptionHandlerExceptionResolver : Resolved [org.apache.ibatis.binding.BindingException: Invalid bound statement (not found): com.cqupt.mapper.TypeMapper.getAllType]
2022-02-09 01:24:48.638  INFO 24292 --- [restartedMain] com.cqupt.CquptApplication               : Starting CquptApplication using Java 1.8.0_111 on LAPTOP-Q220O7B3 with PID 24292 (D:\Study\研一项目开发技术栈总结\项目实战\CQUPT_springboot学术交流平台\springboot-Academic-exchange-platform\target\classes started by 86177 in D:\Study\研一项目开发技术栈总结\项目实战\CQUPT_springboot学术交流平台\springboot-Academic-exchange-platform)
2022-02-09 01:24:48.640  INFO 24292 --- [restartedMain] com.cqupt.CquptApplication               : No active profile set, falling back to default profiles: default
2022-02-09 01:24:48.701  INFO 24292 --- [restartedMain] .e.DevToolsPropertyDefaultsPostProcessor : Devtools property defaults active! Set 'spring.devtools.add-properties' to 'false' to disable
2022-02-09 01:24:48.701  INFO 24292 --- [restartedMain] .e.DevToolsPropertyDefaultsPostProcessor : For additional web related logging consider setting the 'logging.level.web' property to 'DEBUG'
2022-02-09 01:24:50.465  INFO 24292 --- [restartedMain] o.s.b.w.embedded.tomcat.TomcatWebServer  : Tomcat initialized with port(s): 8080 (http)
2022-02-09 01:24:50.481  INFO 24292 --- [restartedMain] o.apache.catalina.core.StandardService   : Starting service [Tomcat]
2022-02-09 01:24:50.481  INFO 24292 --- [restartedMain] org.apache.catalina.core.StandardEngine  : Starting Servlet engine: [Apache Tomcat/9.0.56]
2022-02-09 01:24:50.602  INFO 24292 --- [restartedMain] o.a.c.c.C.[Tomcat].[localhost].[/]       : Initializing Spring embedded WebApplicationContext
2022-02-09 01:24:50.603  INFO 24292 --- [restartedMain] w.s.c.ServletWebServerApplicationContext : Root WebApplicationContext: initialization completed in 1901 ms
2022-02-09 01:24:50.792  INFO 24292 --- [restartedMain] c.a.d.s.b.a.DruidDataSourceAutoConfigure : Init DruidDataSource
2022-02-09 01:24:51.157  INFO 24292 --- [restartedMain] com.alibaba.druid.pool.DruidDataSource   : {dataSource-1} inited
2022-02-09 01:24:51.940  INFO 24292 --- [restartedMain] o.s.b.a.w.s.WelcomePageHandlerMapping    : Adding welcome page template: index
2022-02-09 01:24:52.438  INFO 24292 --- [restartedMain] o.s.b.d.a.OptionalLiveReloadServer       : LiveReload server is running on port 35729
2022-02-09 01:24:52.474  INFO 24292 --- [restartedMain] o.s.b.w.embedded.tomcat.TomcatWebServer  : Tomcat started on port(s): 8080 (http) with context path ''
2022-02-09 01:24:52.484  INFO 24292 --- [restartedMain] com.cqupt.CquptApplication               : Started CquptApplication in 4.509 seconds (JVM running for 6.041)
2022-02-09 01:24:58.576  INFO 24292 --- [http-nio-8080-exec-1] o.a.c.c.C.[Tomcat].[localhost].[/]       : Initializing Spring DispatcherServlet 'dispatcherServlet'
2022-02-09 01:24:58.577  INFO 24292 --- [http-nio-8080-exec-1] o.s.web.servlet.DispatcherServlet        : Initializing Servlet 'dispatcherServlet'
2022-02-09 01:24:58.579  INFO 24292 --- [http-nio-8080-exec-1] o.s.web.servlet.DispatcherServlet        : Completed initialization in 2 ms
2022-02-09 01:24:58.651  INFO 24292 --- [http-nio-8080-exec-2] com.cqupt.aspect.LogAspect               : Request : {url='http://localhost:8080/cqupt/login', ip='127.0.0.1', classMethod='com.cqupt.controller.MyController.toLogin', args=[]}
2022-02-09 01:24:58.660  INFO 24292 --- [http-nio-8080-exec-2] com.cqupt.aspect.LogAspect               : Result : admin/login
2022-02-09 01:25:02.833  INFO 24292 --- [http-nio-8080-exec-5] com.cqupt.aspect.LogAspect               : Request : {url='http://localhost:8080/cqupt/doLogin', ip='127.0.0.1', classMethod='com.cqupt.controller.UserController.doLogin', args=[lbw, 123456, org.apache.catalina.session.StandardSessionFacade@ca458d1, {}]}
2022-02-09 01:25:03.097  INFO 24292 --- [http-nio-8080-exec-5] com.cqupt.aspect.LogAspect               : Result : ResultObj(code=200, msg=登录成功)
2022-02-09 01:25:03.175  INFO 24292 --- [http-nio-8080-exec-4] com.cqupt.aspect.LogAspect               : Request : {url='http://localhost:8080/cqupt/admin/index', ip='127.0.0.1', classMethod='com.cqupt.controller.MyController.adminIndex', args=[]}
2022-02-09 01:25:03.176  INFO 24292 --- [http-nio-8080-exec-4] com.cqupt.aspect.LogAspect               : Result : admin/index
2022-02-09 01:25:04.481  INFO 24292 --- [http-nio-8080-exec-2] com.cqupt.aspect.LogAspect               : Request : {url='http://localhost:8080/cqupt/admin/types', ip='127.0.0.1', classMethod='com.cqupt.controller.TypeController.list', args=[{}, 1]}
2022-02-09 01:25:04.543  INFO 24292 --- [http-nio-8080-exec-2] com.cqupt.aspect.LogAspect               : Result : admin/types
2022-02-09 01:26:59.210  INFO 24292 --- [http-nio-8080-exec-4] com.cqupt.aspect.LogAspect               : Request : {url='http://localhost:8080/cqupt/admin/types', ip='127.0.0.1', classMethod='com.cqupt.controller.TypeController.list', args=[{}, 1]}
2022-02-09 01:26:59.239  INFO 24292 --- [http-nio-8080-exec-4] com.cqupt.aspect.LogAspect               : Result : admin/types
2022-02-09 01:28:50.284  INFO 12888 --- [restartedMain] com.cqupt.CquptApplication               : Starting CquptApplication using Java 1.8.0_111 on LAPTOP-Q220O7B3 with PID 12888 (D:\Study\研一项目开发技术栈总结\项目实战\CQUPT_springboot学术交流平台\springboot-Academic-exchange-platform\target\classes started by 86177 in D:\Study\研一项目开发技术栈总结\项目实战\CQUPT_springboot学术交流平台\springboot-Academic-exchange-platform)
2022-02-09 01:28:50.286  INFO 12888 --- [restartedMain] com.cqupt.CquptApplication               : No active profile set, falling back to default profiles: default
2022-02-09 01:28:50.355  INFO 12888 --- [restartedMain] .e.DevToolsPropertyDefaultsPostProcessor : Devtools property defaults active! Set 'spring.devtools.add-properties' to 'false' to disable
2022-02-09 01:28:50.356  INFO 12888 --- [restartedMain] .e.DevToolsPropertyDefaultsPostProcessor : For additional web related logging consider setting the 'logging.level.web' property to 'DEBUG'
2022-02-09 01:28:52.365  INFO 12888 --- [restartedMain] o.s.b.w.embedded.tomcat.TomcatWebServer  : Tomcat initialized with port(s): 8080 (http)
2022-02-09 01:28:52.380  INFO 12888 --- [restartedMain] o.apache.catalina.core.StandardService   : Starting service [Tomcat]
2022-02-09 01:28:52.381  INFO 12888 --- [restartedMain] org.apache.catalina.core.StandardEngine  : Starting Servlet engine: [Apache Tomcat/9.0.56]
2022-02-09 01:28:52.552  INFO 12888 --- [restartedMain] o.a.c.c.C.[Tomcat].[localhost].[/]       : Initializing Spring embedded WebApplicationContext
2022-02-09 01:28:52.552  INFO 12888 --- [restartedMain] w.s.c.ServletWebServerApplicationContext : Root WebApplicationContext: initialization completed in 2195 ms
2022-02-09 01:28:52.815  INFO 12888 --- [restartedMain] c.a.d.s.b.a.DruidDataSourceAutoConfigure : Init DruidDataSource
2022-02-09 01:28:53.230  INFO 12888 --- [restartedMain] com.alibaba.druid.pool.DruidDataSource   : {dataSource-1} inited
2022-02-09 01:28:54.224  INFO 12888 --- [restartedMain] o.s.b.a.w.s.WelcomePageHandlerMapping    : Adding welcome page template: index
2022-02-09 01:28:54.628  INFO 12888 --- [restartedMain] o.s.b.d.a.OptionalLiveReloadServer       : LiveReload server is running on port 35729
2022-02-09 01:28:54.678  INFO 12888 --- [restartedMain] o.s.b.w.embedded.tomcat.TomcatWebServer  : Tomcat started on port(s): 8080 (http) with context path ''
2022-02-09 01:28:54.694  INFO 12888 --- [restartedMain] com.cqupt.CquptApplication               : Started CquptApplication in 5.013 seconds (JVM running for 6.58)
2022-02-09 01:29:16.950  INFO 12888 --- [http-nio-8080-exec-1] o.a.c.c.C.[Tomcat].[localhost].[/]       : Initializing Spring DispatcherServlet 'dispatcherServlet'
2022-02-09 01:29:16.951  INFO 12888 --- [http-nio-8080-exec-1] o.s.web.servlet.DispatcherServlet        : Initializing Servlet 'dispatcherServlet'
2022-02-09 01:29:16.953  INFO 12888 --- [http-nio-8080-exec-1] o.s.web.servlet.DispatcherServlet        : Completed initialization in 1 ms
2022-02-09 01:29:17.015  INFO 12888 --- [http-nio-8080-exec-2] com.cqupt.aspect.LogAspect               : Request : {url='http://localhost:8080/cqupt/login', ip='127.0.0.1', classMethod='com.cqupt.controller.MyController.toLogin', args=[]}
2022-02-09 01:29:17.023  INFO 12888 --- [http-nio-8080-exec-2] com.cqupt.aspect.LogAspect               : Result : admin/login
2022-02-09 01:29:21.472  INFO 12888 --- [http-nio-8080-exec-6] com.cqupt.aspect.LogAspect               : Request : {url='http://localhost:8080/cqupt/doLogin', ip='127.0.0.1', classMethod='com.cqupt.controller.UserController.doLogin', args=[lbw, 123456, org.apache.catalina.session.StandardSessionFacade@17356d84, {}]}
2022-02-09 01:29:21.793  INFO 12888 --- [http-nio-8080-exec-6] com.cqupt.aspect.LogAspect               : Result : ResultObj(code=200, msg=登录成功)
2022-02-09 01:29:21.882  INFO 12888 --- [http-nio-8080-exec-5] com.cqupt.aspect.LogAspect               : Request : {url='http://localhost:8080/cqupt/admin/index', ip='127.0.0.1', classMethod='com.cqupt.controller.MyController.adminIndex', args=[]}
2022-02-09 01:29:21.883  INFO 12888 --- [http-nio-8080-exec-5] com.cqupt.aspect.LogAspect               : Result : admin/index
2022-02-09 01:29:31.782  INFO 12888 --- [http-nio-8080-exec-6] com.cqupt.aspect.LogAspect               : Request : {url='http://localhost:8080/cqupt/admin/types', ip='127.0.0.1', classMethod='com.cqupt.controller.TypeController.list', args=[{}, 1]}
2022-02-09 01:29:31.853  INFO 12888 --- [http-nio-8080-exec-6] com.cqupt.aspect.LogAspect               : Result : admin/types
2022-02-09 01:29:39.808  INFO 12888 --- [http-nio-8080-exec-6] com.cqupt.aspect.LogAspect               : Request : {url='http://localhost:8080/cqupt/admin/index', ip='127.0.0.1', classMethod='com.cqupt.controller.MyController.adminIndex', args=[]}
2022-02-09 01:29:39.809  INFO 12888 --- [http-nio-8080-exec-6] com.cqupt.aspect.LogAspect               : Result : admin/index
2022-02-09 01:29:42.281  INFO 12888 --- [http-nio-8080-exec-8] com.cqupt.aspect.LogAspect               : Request : {url='http://localhost:8080/cqupt/admin/types', ip='127.0.0.1', classMethod='com.cqupt.controller.TypeController.list', args=[{}, 1]}
2022-02-09 01:29:42.304  INFO 12888 --- [http-nio-8080-exec-8] com.cqupt.aspect.LogAspect               : Result : admin/types
2022-02-09 01:29:47.545  INFO 12888 --- [http-nio-8080-exec-2] com.cqupt.aspect.LogAspect               : Request : {url='http://localhost:8080/cqupt/admin/types/1/input', ip='127.0.0.1', classMethod='com.cqupt.controller.TypeController.editInput', args=[1, {}]}
2022-02-09 01:29:47.562  INFO 12888 --- [http-nio-8080-exec-2] com.cqupt.aspect.LogAspect               : Result : admin/types-input
2022-02-09 01:32:57.485  INFO 19260 --- [restartedMain] com.cqupt.CquptApplication               : Starting CquptApplication using Java 1.8.0_111 on LAPTOP-Q220O7B3 with PID 19260 (D:\Study\研一项目开发技术栈总结\项目实战\CQUPT_springboot学术交流平台\springboot-Academic-exchange-platform\target\classes started by 86177 in D:\Study\研一项目开发技术栈总结\项目实战\CQUPT_springboot学术交流平台\springboot-Academic-exchange-platform)
2022-02-09 01:32:57.486  INFO 19260 --- [restartedMain] com.cqupt.CquptApplication               : No active profile set, falling back to default profiles: default
2022-02-09 01:32:57.555  INFO 19260 --- [restartedMain] .e.DevToolsPropertyDefaultsPostProcessor : Devtools property defaults active! Set 'spring.devtools.add-properties' to 'false' to disable
2022-02-09 01:32:57.556  INFO 19260 --- [restartedMain] .e.DevToolsPropertyDefaultsPostProcessor : For additional web related logging consider setting the 'logging.level.web' property to 'DEBUG'
2022-02-09 01:32:59.435  INFO 19260 --- [restartedMain] o.s.b.w.embedded.tomcat.TomcatWebServer  : Tomcat initialized with port(s): 8080 (http)
2022-02-09 01:32:59.452  INFO 19260 --- [restartedMain] o.apache.catalina.core.StandardService   : Starting service [Tomcat]
2022-02-09 01:32:59.452  INFO 19260 --- [restartedMain] org.apache.catalina.core.StandardEngine  : Starting Servlet engine: [Apache Tomcat/9.0.56]
2022-02-09 01:32:59.630  INFO 19260 --- [restartedMain] o.a.c.c.C.[Tomcat].[localhost].[/]       : Initializing Spring embedded WebApplicationContext
2022-02-09 01:32:59.630  INFO 19260 --- [restartedMain] w.s.c.ServletWebServerApplicationContext : Root WebApplicationContext: initialization completed in 2073 ms
2022-02-09 01:32:59.958  INFO 19260 --- [restartedMain] c.a.d.s.b.a.DruidDataSourceAutoConfigure : Init DruidDataSource
2022-02-09 01:33:00.410  INFO 19260 --- [restartedMain] com.alibaba.druid.pool.DruidDataSource   : {dataSource-1} inited
2022-02-09 01:33:01.624  INFO 19260 --- [restartedMain] o.s.b.a.w.s.WelcomePageHandlerMapping    : Adding welcome page template: index
2022-02-09 01:33:02.038  INFO 19260 --- [restartedMain] o.s.b.d.a.OptionalLiveReloadServer       : LiveReload server is running on port 35729
2022-02-09 01:33:02.080  INFO 19260 --- [restartedMain] o.s.b.w.embedded.tomcat.TomcatWebServer  : Tomcat started on port(s): 8080 (http) with context path ''
2022-02-09 01:33:02.092  INFO 19260 --- [restartedMain] com.cqupt.CquptApplication               : Started CquptApplication in 5.276 seconds (JVM running for 6.824)
2022-02-09 01:33:17.993  INFO 19260 --- [http-nio-8080-exec-2] o.a.c.c.C.[Tomcat].[localhost].[/]       : Initializing Spring DispatcherServlet 'dispatcherServlet'
2022-02-09 01:33:17.993  INFO 19260 --- [http-nio-8080-exec-2] o.s.web.servlet.DispatcherServlet        : Initializing Servlet 'dispatcherServlet'
2022-02-09 01:33:17.995  INFO 19260 --- [http-nio-8080-exec-2] o.s.web.servlet.DispatcherServlet        : Completed initialization in 1 ms
2022-02-09 01:33:18.096  INFO 19260 --- [http-nio-8080-exec-3] com.cqupt.aspect.LogAspect               : Request : {url='http://localhost:8080/cqupt/login', ip='127.0.0.1', classMethod='com.cqupt.controller.MyController.toLogin', args=[]}
2022-02-09 01:33:18.109  INFO 19260 --- [http-nio-8080-exec-3] com.cqupt.aspect.LogAspect               : Result : admin/login
2022-02-09 01:33:23.878  INFO 19260 --- [http-nio-8080-exec-7] com.cqupt.aspect.LogAspect               : Request : {url='http://localhost:8080/cqupt/doLogin', ip='127.0.0.1', classMethod='com.cqupt.controller.UserController.doLogin', args=[lbw, 123456, org.apache.catalina.session.StandardSessionFacade@731fd9c7, {}]}
2022-02-09 01:33:24.237  INFO 19260 --- [http-nio-8080-exec-7] com.cqupt.aspect.LogAspect               : Result : ResultObj(code=200, msg=登录成功)
2022-02-09 01:33:24.324  INFO 19260 --- [http-nio-8080-exec-5] com.cqupt.aspect.LogAspect               : Request : {url='http://localhost:8080/cqupt/admin/index', ip='127.0.0.1', classMethod='com.cqupt.controller.MyController.adminIndex', args=[]}
2022-02-09 01:33:24.324  INFO 19260 --- [http-nio-8080-exec-5] com.cqupt.aspect.LogAspect               : Result : admin/index
2022-02-09 01:33:26.101  INFO 19260 --- [http-nio-8080-exec-3] com.cqupt.aspect.LogAspect               : Request : {url='http://localhost:8080/cqupt/admin/types', ip='127.0.0.1', classMethod='com.cqupt.controller.TypeController.list', args=[{}, 1]}
2022-02-09 01:33:26.179  INFO 19260 --- [http-nio-8080-exec-3] com.cqupt.aspect.LogAspect               : Result : admin/types
2022-02-09 01:33:28.962  INFO 19260 --- [http-nio-8080-exec-3] com.cqupt.aspect.LogAspect               : Request : {url='http://localhost:8080/cqupt/admin/types/1/input', ip='127.0.0.1', classMethod='com.cqupt.controller.TypeController.editInput', args=[1, {}]}
2022-02-09 01:33:28.982  INFO 19260 --- [http-nio-8080-exec-3] com.cqupt.aspect.LogAspect               : Result : admin/types-input
2022-02-09 01:33:33.043  INFO 19260 --- [http-nio-8080-exec-1] com.cqupt.aspect.LogAspect               : Request : {url='http://localhost:8080/cqupt/admin/types/1', ip='127.0.0.1', classMethod='com.cqupt.controller.TypeController.editPost', args=[Type(id=1, name=spring), {}]}
2022-02-09 01:33:33.074  INFO 19260 --- [http-nio-8080-exec-1] com.cqupt.aspect.LogAspect               : Result : redirect:/admin/types
